logUtils - INFO -  Started logging at: 20221105_11h27m48s
logUtils - INFO -  Also logging to: data/avaAlr/runAna3AIMECCompMods_20221105_11h27m48s.log
logUtils - INFO -  AvaFrame Version: 1.3+6.g1e78e33a.dirty
runAna3AIMECCompMods - INFO -  MAIN SCRIPT
runAna3AIMECCompMods - INFO -  Current avalanche: data/avaAlr
cfgUtils - INFO -  Reading config from: /home/user1/Master_Carina/AvaFrame/avaframe/ana3AIMEC/ana3AIMECCfg.ini and /home/user1/Master_Carina/AvaFrame/avaframe/ana3AIMEC/local_ana3AIMECCfg.ini
cfgUtils - INFO -  	AIMECSETUP
cfgUtils - INFO -  		domainWidth : 600
cfgUtils - INFO -  		cellSizeSL : 
cfgUtils - INFO -  		startOfRunoutAreaAngle : 10
cfgUtils - INFO -  		resTypes : ppr|pft|pfv
cfgUtils - INFO -  		runoutResType : ppr
cfgUtils - INFO -  		thresholdValue : 1
cfgUtils - INFO -  		contourLevels : 1|3|5|10
cfgUtils - INFO -  		diffLim : 1
cfgUtils - INFO -  		percentile : 5
cfgUtils - INFO -  		interpMethod : bilinear
cfgUtils - INFO -  		dsMin : 30
cfgUtils - INFO -  		anaMod :  	(default value was : com1DFA)
cfgUtils - INFO -  		comModules : com1DFA|r_avaflow 	(default value was : )
cfgUtils - INFO -  		testName : 
cfgUtils - INFO -  		varParList : 
cfgUtils - INFO -  		ascendingOrder : True
cfgUtils - INFO -  		referenceSimValue : 
cfgUtils - INFO -  		referenceSimName : 
cfgUtils - INFO -  		unit : 
cfgUtils - INFO -  	FLAGS
cfgUtils - INFO -  		typeFlag : 3
cfgUtils - INFO -  		nDensityPlot : 100
cfgUtils - INFO -  		flagMass : True
initializeProject - INFO -  Cleaning module ana3AIMEC in folder: data/avaAlr/Outputs 
dfa2Aimec - INFO -  Reference data is from module: com1DFA
dfa2Aimec - INFO -  Comparison data is from module: r_avaflow
dfa2Aimec - WARNING -  Multiple rows of the dataFrame have the same simulation name.
runAna3AIMECCompMods - INFO -  Reference simulation is the only simulation in the 'com1DFA' module folder
runAna3AIMECCompMods - INFO -  Running ana3AIMEC model on test case DEM 
 data/avaAlr/Inputs/avaAlr.asc 
 with profile 
 data/avaAlr/Inputs/LINES/path_aimec.shp 
ana3AIMEC - INFO -  Prepare data for post-processing
aimecTools - INFO -  cellSizeSL is read from the reference header and is : 5.00 m
aimecTools - INFO -  Start of run-out area at the 9.34 ° point of coordinates (255958.00, 379146.54)
plotUtils - INFO -  saved to : data/avaAlr/Outputs/ana3AIMEC/com1DFA_r_avaflow/avaAlr_DomainTransformation 
ana3AIMEC - INFO -  Analyzing data in path coordinate system
aimecTools - INFO -  Total mass change between first and last time step in sim mass_relAlr_25c7af4cfa_null_dfa is: 0.0 kg
aimecTools - INFO -  Total entrained mass in sim mass_relAlr_25c7af4cfa_null_dfa is: 0.0 kg
aimecTools - INFO -  Total mass change and total entrained mass differ from 0.0000 kg
aimecTools - INFO -  relAlr_25c7af4cfa_null_dfa 1.0000     0.0000    
ana3AIMEC - INFO -  Analyzing data in path coordinate system
aimecTools - INFO -  Total mass change between first and last time step in sim mass_relAlr_25c7af4cfa_null_dfa is: 0.0 kg
aimecTools - INFO -  Total entrained mass in sim mass_relAlr_25c7af4cfa_null_dfa is: 0.0 kg
aimecTools - INFO -  Total mass change and total entrained mass differ from 0.0000 kg
aimecTools - INFO -  relAlr_25c7af4cfa_null_dfa 1.0000     0.0000    
plotUtils - INFO -  saved to : data/avaAlr/Outputs/ana3AIMEC/com1DFA_r_avaflow/avaAlr_relAlr_25c7af4cfa_null_dfa_massAnalysis 
plotUtils - INFO -  saved to : data/avaAlr/Outputs/ana3AIMEC/com1DFA_r_avaflow/avaAlr_ppr_1p0_relAlr_25c7af4cfa_null_dfa_AreaComparisonToReference 
plotUtils - INFO -  saved to : data/avaAlr/Outputs/ana3AIMEC/com1DFA_r_avaflow/avaAlr_ppr_1p0_relAlr_25c7af4cfa_null_dfa_ContourComparisonToReference 
ana3AIMEC - INFO -  Visualisation of AIMEC results
plotUtils - INFO -  saved to : data/avaAlr/Outputs/ana3AIMEC/com1DFA_r_avaflow/avaAlr_ppr_1_referenceFields 
plotUtils - INFO -  saved to : data/avaAlr/Outputs/ana3AIMEC/com1DFA_r_avaflow/avaAlr_ppr_1_slComparison 
outAIMEC - INFO -  Visualizing max peak pressure data
plotUtils - INFO -  saved to : data/avaAlr/Outputs/ana3AIMEC/com1DFA_r_avaflow/avaAlr_relMaxppr_thresholdValue1 
plotUtils - INFO -  saved to : data/avaAlr/Outputs/ana3AIMEC/com1DFA_r_avaflow/avaAlr_ppr_1_ROC 
ana3AIMEC - INFO -  Writing results to file
outAIMEC - INFO -  File written: data/avaAlr/Outputs/ana3AIMEC/com1DFA_r_avaflow/Results_avaAlr_ppr_lim_1_w_600resAnalysisDF.csv
outAIMEC - INFO -  File written: data/avaAlr/Outputs/ana3AIMEC/com1DFA_r_avaflow/Results_avaAlr_ppr_lim_1_w_600stats.csv
runAna3AIMECCompMods - INFO -  Took 8.946887731552124 seconds to calculate.
