logUtils - INFO -  Started logging at: 20221113_13h01m51s
logUtils - INFO -  Also logging to: data/avaAlr/runCom1DFA_20221113_13h01m51s.log
logUtils - INFO -  AvaFrame Version: 1.3+6.g1e78e33a.dirty
runCom1DFA - INFO -  MAIN SCRIPT
runCom1DFA - INFO -  Current avalanche: data/avaAlr
cfgUtils - INFO -  Reading config from: /home/user1/Master_Carina/AvaFrame/avaframe/com1DFA/com1DFACfg.ini and /home/user1/Master_Carina/AvaFrame/avaframe/com1DFA/local_com1DFACfg.ini
cfgUtils - INFO -  Print is turned off, giving difference summary
cfgUtils - INFO -  		meshCellSize : 20 	(default value was : 5)
cfgUtils - INFO -  		frictModel : samosAT 	(default value was : Coulomb)
initializeProject - INFO -  Cleaned data/avaAlr/Inputs/DEMremeshed directory
getInput - INFO -  Release area files are: ['data/avaAlr/Inputs/REL/relAlr.shp']
cfgUtils - INFO -  Reading config from: /home/user1/Master_Carina/AvaFrame/avaframe/com1DFA/com1DFACfg.ini and data/avaAlr/Outputs/com1DFA/relAlr_com1DFACfg.ini
cfgUtils - INFO -  	GENERAL
cfgUtils - INFO -  		simTypeList : available
cfgUtils - INFO -  		modelType : dfa
cfgUtils - INFO -  		resType : ppr|pft|pfv
cfgUtils - INFO -  		tSteps : 0:5
cfgUtils - INFO -  		initPartDistType : random
cfgUtils - INFO -  		initialiseParticlesFromFile : False
cfgUtils - INFO -  		particleFile : 
cfgUtils - INFO -  		seed : 12345
cfgUtils - INFO -  		iniStep : False
cfgUtils - INFO -  		saveParticlesIni : False
cfgUtils - INFO -  		subgridMixingFactorIni : 10.
cfgUtils - INFO -  		dtIni : 0.1
cfgUtils - INFO -  		sphOptionIni : 2
cfgUtils - INFO -  		stopCritIni : 0.1
cfgUtils - INFO -  		stopCritIniSmall : 1.001
cfgUtils - INFO -  		maxIterations : 100
cfgUtils - INFO -  		bufferZoneFactor : 4
cfgUtils - INFO -  		additionallyFixedFactor : 0.275
cfgUtils - INFO -  		ftOptionIni : False
cfgUtils - INFO -  		rho : 200
cfgUtils - INFO -  		rhoEnt : 100
cfgUtils - INFO -  		relThFromShp : True
cfgUtils - INFO -  		relThPercentVariation : 
cfgUtils - INFO -  		relThRangeVariation : 
cfgUtils - INFO -  		relThDistVariation : 
cfgUtils - INFO -  		addStandardConfig : False
cfgUtils - INFO -  		relTh : 
cfgUtils - INFO -  		relThFromFile : False
cfgUtils - INFO -  		secRelArea : True
cfgUtils - INFO -  		secondaryRelThFromShp : True
cfgUtils - INFO -  		secondaryRelThPercentVariation : 
cfgUtils - INFO -  		secondaryRelThRangeVariation : 
cfgUtils - INFO -  		secondaryRelThDistVariation : 
cfgUtils - INFO -  		secondaryRelTh : 
cfgUtils - INFO -  		entThFromShp : True
cfgUtils - INFO -  		entThPercentVariation : 
cfgUtils - INFO -  		entThRangeVariation : 
cfgUtils - INFO -  		entThDistVariation : 
cfgUtils - INFO -  		entTh : 
cfgUtils - INFO -  		dt : 0.1
cfgUtils - INFO -  		tEnd : 400
cfgUtils - INFO -  		sphKernelRadiusTimeStepping : False
cfgUtils - INFO -  		cMax : 0.02
cfgUtils - INFO -  		stopCritType : kinEnergy
cfgUtils - INFO -  		uFlowingThreshold : 0.01
cfgUtils - INFO -  		stopCrit : 0.01
cfgUtils - INFO -  		sphOption : 1
cfgUtils - INFO -  		minRKern : 0.001
cfgUtils - INFO -  		sphKernelRadius : 5
cfgUtils - INFO -  		viscOption : 1
cfgUtils - INFO -  		massPerParticleDeterminationMethod : MPPDH
cfgUtils - INFO -  		massPerPart : 1250
cfgUtils - INFO -  		deltaTh : 0.25
cfgUtils - INFO -  		sphKR0 : 5
cfgUtils - INFO -  		nPPK0 : 15
cfgUtils - INFO -  		aPPK : -1.5
cfgUtils - INFO -  		splitOption : 0
cfgUtils - INFO -  		thresholdMassSplit : 1.5
cfgUtils - INFO -  		distSplitPart : 0.41
cfgUtils - INFO -  		nSplit : 2
cfgUtils - INFO -  		cMinNPPK : 0.25
cfgUtils - INFO -  		cMaxNPPK : 2.5
cfgUtils - INFO -  		cMinMass : 0.25
cfgUtils - INFO -  		cMaxnMass : 5
cfgUtils - INFO -  		interpOption : 2
cfgUtils - INFO -  		hmin : 0.05
cfgUtils - INFO -  		meshCellSize : 20 	(default value was : 5)
cfgUtils - INFO -  		meshCellSizeThreshold : 0.001
cfgUtils - INFO -  		cleanDEMremeshed : True
cfgUtils - INFO -  		methodMeshNormal : 1
cfgUtils - INFO -  		reprojMethodForce : 2
cfgUtils - INFO -  		reprojMethodPosition : 2
cfgUtils - INFO -  		reprojectionIterations : 5
cfgUtils - INFO -  		thresholdProjection : 0.001
cfgUtils - INFO -  		subgridMixingFactor : 100.
cfgUtils - INFO -  		gravAcc : 9.81
cfgUtils - INFO -  		velMagMin : 1.0e-6
cfgUtils - INFO -  		depMin : 1.0e-6
cfgUtils - INFO -  		curvAccInFriction : 1
cfgUtils - INFO -  		curvAccInTangent : 0
cfgUtils - INFO -  		curvAccInGradient : 0
cfgUtils - INFO -  		centeredPosition : 1
cfgUtils - INFO -  		explicitFriction : 0
cfgUtils - INFO -  		frictModel : samosAT 	(default value was : Coulomb)
cfgUtils - INFO -  		mu : 0.155
cfgUtils - INFO -  		tau0 : 0
cfgUtils - INFO -  		Rs0 : 0.222
cfgUtils - INFO -  		kappa : 0.43
cfgUtils - INFO -  		R : 0.05
cfgUtils - INFO -  		B : 4.13
cfgUtils - INFO -  		xsi : 4000.
cfgUtils - INFO -  		hRes : 10
cfgUtils - INFO -  		cw : 0.5
cfgUtils - INFO -  		dRes : 0.3
cfgUtils - INFO -  		sres : 5
cfgUtils - INFO -  		entEroEnergy : 5000
cfgUtils - INFO -  		entShearResistance : 0
cfgUtils - INFO -  		entDefResistance : 0
cfgUtils - INFO -  		thresholdPointInPoly : 0.001
cfgUtils - INFO -  	TRACKPARTICLES
cfgUtils - INFO -  		trackParticles : False
cfgUtils - INFO -  		centerTrackPartPoint : 2933|-4010
cfgUtils - INFO -  		radius : 5
cfgUtils - INFO -  		particleProperties : 
cfgUtils - INFO -  	VISUALISATION
cfgUtils - INFO -  		writePartToCSV : False
cfgUtils - INFO -  		particleProperties : velocityMagnitude|m
cfgUtils - INFO -  		createRangeTimeDiagram : False
cfgUtils - INFO -  		TTdiagram : True
cfgUtils - INFO -  		scenario : 
cfgUtils - INFO -  	INPUT
cfgUtils - INFO -  		releaseScenario : relAlr 	(default value was : )
cfgUtils - INFO -  	REPORT
cfgUtils - INFO -  		plotFields : ppr|pft|pfv
cfgUtils - INFO -  		unitppr : kPa
cfgUtils - INFO -  		unitpft : m
cfgUtils - INFO -  		unitpfv : ms-1
cfgUtils - INFO -  		DEM : avaAlr added to INPUT
cfgUtils - INFO -  		relThId : 0 added to INPUT
cfgUtils - INFO -  		relThThickness : 1.0 added to INPUT
cfgUtils - INFO -  		relThCi95 : None added to INPUT
cfgUtils - INFO -  		entThId : 0 added to INPUT
cfgUtils - INFO -  		entThThickness : 0.3 added to INPUT
cfgUtils - INFO -  		entThCi95 : None added to INPUT
cfgUtils - INFO -  		entrainmentScenario : entAlr added to INPUT
deriveParameterSet - INFO -  meshCellSize: 20 (default value was: 5)
deriveParameterSet - INFO -  frictModel: samosAT (default value was: Coulomb)
deriveParameterSet - INFO -  releaseScenario: relAlr (default value was: )
geoTrans - INFO -  Remeshing the input DEM (of cell size 5 m) to a cell size of 20 m
geoTrans - INFO -  Remeshed data extent difference x: 0.000000 and y 10.000000
geoTrans - INFO -  Saved remeshed DEM to data/avaAlr/Inputs/DEMremeshed/avaAlr_remeshedDEM20.00.asc
deriveParameterSet - INFO -  path to DEM is: DEMremeshed/avaAlr_remeshedDEM20.00.asc
geoTrans - INFO -  Remeshed DEM found: avaAlr_remeshedDEM20.00.asc cellSize: 20.00000
deriveParameterSet - INFO -  path to DEM is: DEMremeshed/avaAlr_remeshedDEM20.00.asc
com1DFA - INFO -  The following simulations will be performed
com1DFA - INFO -  Simulation: relAlr_c164d20045_ent_dfa
com1DFA - INFO -  Simulation: relAlr_1eb8bd6ae5_null_dfa
com1DFA - INFO -  Run simulation: relAlr_c164d20045_ent_dfa
com1DFA - INFO -  Perform relAlr_c164d20045_ent_dfa simulation
com1DFA - INFO -  Release feature AlR, thickness: 1.00 - read from shp file
com1DFA - INFO -  Initialized particles. MTot = 10113566.21 kg, 8096 particles in 138.00 cells.
com1DFA - INFO -  Mass per particle = 1249.21 kg and particles per cell = 58.67.
com1DFA - INFO -  Computing Pressure
com1DFA - INFO -  Initializing entrainment area: data/avaAlr/Inputs/ENT/entAlr.shp
com1DFA - INFO -  Entrainment area features: ['entAlr']
com1DFA - INFO -  Entrainment feature entAlr, thickness: 0.30 - read from shp file
geoTrans - WARNING -  Entrainment area feature overlapping with Release area - removing the overlapping part
com1DFA - INFO -  Mass available for entrainment: 4066216.79 kg
com1DFA - INFO -  stopping because of kinEnergy stopCriterion.
com1DFA - INFO -  Ending computation at time t = 221.100000 s
com1DFA - INFO -  MTot = 13431017.445114 kg, 10393 particles
com1DFA - INFO -  Computational performances:
com1DFA - INFO -  cpu time Force = 0.004226592630417394 s
com1DFA - INFO -  cpu time ForceSPH = 0.007547682706960502 s
com1DFA - INFO -  cpu time Position = 0.0035951914666574212 s
com1DFA - INFO -  cpu time Neighbour = 0.0018150101518544753 s
com1DFA - INFO -  cpu time Fields = 0.0013945319337827604 s
com1DFA - INFO -  cpu time timeLoop = 0.020658693628328402 s
com1DFA - INFO -  cpu time total other = 0.018579008889672552 s
com1DFA - INFO -  cpu time DFA = 45.78 s
com1DFA - INFO -  Run simulation: relAlr_1eb8bd6ae5_null_dfa
com1DFA - INFO -  Perform relAlr_1eb8bd6ae5_null_dfa simulation
com1DFA - INFO -  Release feature AlR, thickness: 1.00 - read from shp file
com1DFA - INFO -  Initialized particles. MTot = 10113566.21 kg, 8096 particles in 138.00 cells.
com1DFA - INFO -  Mass per particle = 1249.21 kg and particles per cell = 58.67.
com1DFA - INFO -  Computing Pressure
com1DFA - INFO -  Mass available for entrainment: 0.00 kg
com1DFA - INFO -  stopping because of kinEnergy stopCriterion.
com1DFA - INFO -  Ending computation at time t = 232.800000 s
com1DFA - INFO -  MTot = 10113566.210787 kg, 8096 particles
com1DFA - INFO -  Computational performances:
com1DFA - INFO -  cpu time Force = 0.003480617966248581 s
com1DFA - INFO -  cpu time ForceSPH = 0.005500227353663954 s
com1DFA - INFO -  cpu time Position = 0.0029612085040212443 s
com1DFA - INFO -  cpu time Neighbour = 0.0018141008641597998 s
com1DFA - INFO -  cpu time Fields = 0.0012221414165570531 s
com1DFA - INFO -  cpu time timeLoop = 0.016564599840156815 s
com1DFA - INFO -  cpu time total other = 0.014978296104650632 s
com1DFA - INFO -  cpu time DFA = 38.66 s
